#-----------------------------------------------------------
# Vivado v2020.1 (64-bit)
# SW Build 2902540 on Wed May 27 19:54:49 MDT 2020
# IP Build 2902112 on Wed May 27 22:43:36 MDT 2020
# Start of session at: Mon Apr  3 09:27:44 2023
# Process ID: 7112
# Current directory: D:/Janovec/LAB04
# Command line: vivado.exe -gui_launcher_event rodinguilauncherevent10552 D:\Janovec\LAB04\LAB04.xpr
# Log file: D:/Janovec/LAB04/vivado.log
# Journal file: D:/Janovec/LAB04\vivado.jou
#-----------------------------------------------------------
start_gui
open_project D:/Janovec/LAB04/LAB04.xpr
INFO: [Project 1-313] Project file moved from 'D:/Janovec/LAB04 (1)/LAB04' since last save.
Scanning sources...
Finished scanning sources
WARNING: [filemgmt 56-3] Board Part Repository Path: Could not find the directory 'C:/Users/marti/AppData/Roaming/Xilinx/Vivado/2019.1/xhub/board_store'.
INFO: [IP_Flow 19-234] Refreshing IP repositories
INFO: [IP_Flow 19-1704] No user IP repositories specified
INFO: [IP_Flow 19-2313] Loaded Vivado IP repository 'C:/Xilinx/Vivado/2020.1/data/ip'.
update_compile_order -fileset sources_1
launch_runs impl_1 -to_step write_bitstream -jobs 4
[Mon Apr  3 09:28:37 2023] Launched synth_1...
Run output will be captured here: D:/Janovec/LAB04/LAB04.runs/synth_1/runme.log
[Mon Apr  3 09:28:37 2023] Launched impl_1...
Run output will be captured here: D:/Janovec/LAB04/LAB04.runs/impl_1/runme.log
open_hw_manager
connect_hw_server -allow_non_jtag
INFO: [Labtools 27-2285] Connecting to hw_server url TCP:localhost:3121
INFO: [Labtools 27-2222] Launching hw_server...
INFO: [Labtools 27-2221] Launch Output:

****** Xilinx hw_server v2020.1
  **** Build date : May 27 2020 at 20:24:38
    ** Copyright 1986-2020 Xilinx, Inc. All Rights Reserved.


INFO: [Labtools 27-3415] Connecting to cs_server url TCP:localhost:3042
INFO: [Labtools 27-3417] Launching cs_server...
INFO: [Labtools 27-2221] Launch Output:


****** Xilinx cs_server v2020.1.0
  **** Build date : May 14 2020-03:10:29
    ** Copyright 2017-2020 Xilinx, Inc. All Rights Reserved.



connect_hw_server: Time (s): cpu = 00:00:00 ; elapsed = 00:00:07 . Memory (MB): peak = 1021.199 ; gain = 0.000
open_hw_target
INFO: [Labtoolstcl 44-466] Opening hw_target localhost:3121/xilinx_tcf/Digilent/210292645837A
open_hw_target: Time (s): cpu = 00:00:06 ; elapsed = 00:00:05 . Memory (MB): peak = 2150.602 ; gain = 1129.402
set_property PROGRAM.FILE {D:/Janovec/LAB04/LAB04.runs/impl_1/multiplexor.bit} [get_hw_devices xc7a100t_0]
current_hw_device [get_hw_devices xc7a100t_0]
refresh_hw_device -update_hw_probes false [lindex [get_hw_devices xc7a100t_0] 0]
INFO: [Labtools 27-1434] Device xc7a100t (JTAG device index = 0) is programmed with a design that has no supported debug core(s) in it.
set_property PROBES.FILE {} [get_hw_devices xc7a100t_0]
set_property FULL_PROBES.FILE {} [get_hw_devices xc7a100t_0]
set_property PROGRAM.FILE {D:/Janovec/LAB04/LAB04.runs/impl_1/multiplexor.bit} [get_hw_devices xc7a100t_0]
program_hw_devices [get_hw_devices xc7a100t_0]
INFO: [Labtools 27-3164] End of startup status: HIGH
refresh_hw_device [lindex [get_hw_devices xc7a100t_0] 0]
INFO: [Labtools 27-1434] Device xc7a100t (JTAG device index = 0) is programmed with a design that has no supported debug core(s) in it.
synth_design -rtl -name rtl_1
Command: synth_design -rtl -name rtl_1
Starting synth_design
Using part: xc7a100tcsg324-1
Top: multiplexor
INFO: [Device 21-403] Loading part xc7a100tcsg324-1
INFO: [Common 17-41] Interrupt caught. Command should exit soon.
2 Infos, 0 Warnings, 0 Critical Warnings and 0 Errors encountered.
synth_design completed successfully
synth_design: Time (s): cpu = 00:00:08 ; elapsed = 00:00:10 . Memory (MB): peak = 2487.301 ; gain = 294.758
INFO: [Common 17-344] 'synth_design' was cancelled
synth_design -rtl -name rtl_1
Command: synth_design -rtl -name rtl_1
Starting synth_design
Using part: xc7a100tcsg324-1
Top: multiplexor
---------------------------------------------------------------------------------
Starting RTL Elaboration : Time (s): cpu = 00:00:05 ; elapsed = 00:00:04 . Memory (MB): peak = 2746.375 ; gain = 259.074
---------------------------------------------------------------------------------
INFO: [Synth 8-638] synthesizing module 'multiplexor' [D:/Janovec/LAB04/LAB04.srcs/sources_1/new/multiplexor.vhd:14]
INFO: [Synth 8-256] done synthesizing module 'multiplexor' (1#1) [D:/Janovec/LAB04/LAB04.srcs/sources_1/new/multiplexor.vhd:14]
---------------------------------------------------------------------------------
Finished RTL Elaboration : Time (s): cpu = 00:00:06 ; elapsed = 00:00:05 . Memory (MB): peak = 2775.277 ; gain = 287.977
---------------------------------------------------------------------------------
---------------------------------------------------------------------------------
Start Handling Custom Attributes
---------------------------------------------------------------------------------
---------------------------------------------------------------------------------
Finished Handling Custom Attributes : Time (s): cpu = 00:00:06 ; elapsed = 00:00:06 . Memory (MB): peak = 2793.184 ; gain = 305.883
---------------------------------------------------------------------------------
---------------------------------------------------------------------------------
Finished RTL Optimization Phase 1 : Time (s): cpu = 00:00:06 ; elapsed = 00:00:06 . Memory (MB): peak = 2793.184 ; gain = 305.883
---------------------------------------------------------------------------------
Netlist sorting complete. Time (s): cpu = 00:00:00 ; elapsed = 00:00:00 . Memory (MB): peak = 2793.184 ; gain = 0.000
INFO: [Project 1-570] Preparing netlist for logic optimization

Processing XDC Constraints
Initializing timing engine
Parsing XDC File [D:/Janovec/LAB04/LAB04.srcs/constrs_1/imports/CITE2022/nexys4ddr.xdc]
WARNING: [Vivado 12-584] No ports matched 'switches[0]'. [D:/Janovec/LAB04/LAB04.srcs/constrs_1/imports/CITE2022/nexys4ddr.xdc:17]
CRITICAL WARNING: [Common 17-55] 'set_property' expects at least one object. [D:/Janovec/LAB04/LAB04.srcs/constrs_1/imports/CITE2022/nexys4ddr.xdc:17]
Resolution: If [get_<value>] was used to populate the object, check to make sure this command returns at least one valid object.
WARNING: [Vivado 12-584] No ports matched 'switches[1]'. [D:/Janovec/LAB04/LAB04.srcs/constrs_1/imports/CITE2022/nexys4ddr.xdc:18]
CRITICAL WARNING: [Common 17-55] 'set_property' expects at least one object. [D:/Janovec/LAB04/LAB04.srcs/constrs_1/imports/CITE2022/nexys4ddr.xdc:18]
Resolution: If [get_<value>] was used to populate the object, check to make sure this command returns at least one valid object.
WARNING: [Vivado 12-584] No ports matched 'switches[2]'. [D:/Janovec/LAB04/LAB04.srcs/constrs_1/imports/CITE2022/nexys4ddr.xdc:19]
CRITICAL WARNING: [Common 17-55] 'set_property' expects at least one object. [D:/Janovec/LAB04/LAB04.srcs/constrs_1/imports/CITE2022/nexys4ddr.xdc:19]
Resolution: If [get_<value>] was used to populate the object, check to make sure this command returns at least one valid object.
WARNING: [Vivado 12-584] No ports matched 'switches[3]'. [D:/Janovec/LAB04/LAB04.srcs/constrs_1/imports/CITE2022/nexys4ddr.xdc:20]
CRITICAL WARNING: [Common 17-55] 'set_property' expects at least one object. [D:/Janovec/LAB04/LAB04.srcs/constrs_1/imports/CITE2022/nexys4ddr.xdc:20]
Resolution: If [get_<value>] was used to populate the object, check to make sure this command returns at least one valid object.
WARNING: [Vivado 12-584] No ports matched 'switches[4]'. [D:/Janovec/LAB04/LAB04.srcs/constrs_1/imports/CITE2022/nexys4ddr.xdc:21]
CRITICAL WARNING: [Common 17-55] 'set_property' expects at least one object. [D:/Janovec/LAB04/LAB04.srcs/constrs_1/imports/CITE2022/nexys4ddr.xdc:21]
Resolution: If [get_<value>] was used to populate the object, check to make sure this command returns at least one valid object.
WARNING: [Vivado 12-584] No ports matched 'switches[5]'. [D:/Janovec/LAB04/LAB04.srcs/constrs_1/imports/CITE2022/nexys4ddr.xdc:22]
CRITICAL WARNING: [Common 17-55] 'set_property' expects at least one object. [D:/Janovec/LAB04/LAB04.srcs/constrs_1/imports/CITE2022/nexys4ddr.xdc:22]
Resolution: If [get_<value>] was used to populate the object, check to make sure this command returns at least one valid object.
WARNING: [Vivado 12-584] No ports matched 'switches[6]'. [D:/Janovec/LAB04/LAB04.srcs/constrs_1/imports/CITE2022/nexys4ddr.xdc:23]
CRITICAL WARNING: [Common 17-55] 'set_property' expects at least one object. [D:/Janovec/LAB04/LAB04.srcs/constrs_1/imports/CITE2022/nexys4ddr.xdc:23]
Resolution: If [get_<value>] was used to populate the object, check to make sure this command returns at least one valid object.
WARNING: [Vivado 12-584] No ports matched 'switches[7]'. [D:/Janovec/LAB04/LAB04.srcs/constrs_1/imports/CITE2022/nexys4ddr.xdc:24]
CRITICAL WARNING: [Common 17-55] 'set_property' expects at least one object. [D:/Janovec/LAB04/LAB04.srcs/constrs_1/imports/CITE2022/nexys4ddr.xdc:24]
Resolution: If [get_<value>] was used to populate the object, check to make sure this command returns at least one valid object.
WARNING: [Vivado 12-584] No ports matched 'switches[8]'. [D:/Janovec/LAB04/LAB04.srcs/constrs_1/imports/CITE2022/nexys4ddr.xdc:25]
CRITICAL WARNING: [Common 17-55] 'set_property' expects at least one object. [D:/Janovec/LAB04/LAB04.srcs/constrs_1/imports/CITE2022/nexys4ddr.xdc:25]
Resolution: If [get_<value>] was used to populate the object, check to make sure this command returns at least one valid object.
WARNING: [Vivado 12-584] No ports matched 'switches[9]'. [D:/Janovec/LAB04/LAB04.srcs/constrs_1/imports/CITE2022/nexys4ddr.xdc:26]
CRITICAL WARNING: [Common 17-55] 'set_property' expects at least one object. [D:/Janovec/LAB04/LAB04.srcs/constrs_1/imports/CITE2022/nexys4ddr.xdc:26]
Resolution: If [get_<value>] was used to populate the object, check to make sure this command returns at least one valid object.
WARNING: [Vivado 12-584] No ports matched 'switches[10]'. [D:/Janovec/LAB04/LAB04.srcs/constrs_1/imports/CITE2022/nexys4ddr.xdc:27]
CRITICAL WARNING: [Common 17-55] 'set_property' expects at least one object. [D:/Janovec/LAB04/LAB04.srcs/constrs_1/imports/CITE2022/nexys4ddr.xdc:27]
Resolution: If [get_<value>] was used to populate the object, check to make sure this command returns at least one valid object.
WARNING: [Vivado 12-584] No ports matched 'switches[11]'. [D:/Janovec/LAB04/LAB04.srcs/constrs_1/imports/CITE2022/nexys4ddr.xdc:28]
CRITICAL WARNING: [Common 17-55] 'set_property' expects at least one object. [D:/Janovec/LAB04/LAB04.srcs/constrs_1/imports/CITE2022/nexys4ddr.xdc:28]
Resolution: If [get_<value>] was used to populate the object, check to make sure this command returns at least one valid object.
WARNING: [Vivado 12-584] No ports matched 'switches[12]'. [D:/Janovec/LAB04/LAB04.srcs/constrs_1/imports/CITE2022/nexys4ddr.xdc:29]
CRITICAL WARNING: [Common 17-55] 'set_property' expects at least one object. [D:/Janovec/LAB04/LAB04.srcs/constrs_1/imports/CITE2022/nexys4ddr.xdc:29]
Resolution: If [get_<value>] was used to populate the object, check to make sure this command returns at least one valid object.
WARNING: [Vivado 12-584] No ports matched 'switches[13]'. [D:/Janovec/LAB04/LAB04.srcs/constrs_1/imports/CITE2022/nexys4ddr.xdc:30]
CRITICAL WARNING: [Common 17-55] 'set_property' expects at least one object. [D:/Janovec/LAB04/LAB04.srcs/constrs_1/imports/CITE2022/nexys4ddr.xdc:30]
Resolution: If [get_<value>] was used to populate the object, check to make sure this command returns at least one valid object.
WARNING: [Vivado 12-584] No ports matched 'switches[14]'. [D:/Janovec/LAB04/LAB04.srcs/constrs_1/imports/CITE2022/nexys4ddr.xdc:31]
CRITICAL WARNING: [Common 17-55] 'set_property' expects at least one object. [D:/Janovec/LAB04/LAB04.srcs/constrs_1/imports/CITE2022/nexys4ddr.xdc:31]
Resolution: If [get_<value>] was used to populate the object, check to make sure this command returns at least one valid object.
WARNING: [Vivado 12-584] No ports matched 'switches[15]'. [D:/Janovec/LAB04/LAB04.srcs/constrs_1/imports/CITE2022/nexys4ddr.xdc:32]
CRITICAL WARNING: [Common 17-55] 'set_property' expects at least one object. [D:/Janovec/LAB04/LAB04.srcs/constrs_1/imports/CITE2022/nexys4ddr.xdc:32]
Resolution: If [get_<value>] was used to populate the object, check to make sure this command returns at least one valid object.
WARNING: [Vivado 12-584] No ports matched 'd[0]'. [D:/Janovec/LAB04/LAB04.srcs/constrs_1/imports/CITE2022/nexys4ddr.xdc:35]
CRITICAL WARNING: [Common 17-55] 'set_property' expects at least one object. [D:/Janovec/LAB04/LAB04.srcs/constrs_1/imports/CITE2022/nexys4ddr.xdc:35]
Resolution: If [get_<value>] was used to populate the object, check to make sure this command returns at least one valid object.
WARNING: [Vivado 12-584] No ports matched 'd[1]'. [D:/Janovec/LAB04/LAB04.srcs/constrs_1/imports/CITE2022/nexys4ddr.xdc:36]
CRITICAL WARNING: [Common 17-55] 'set_property' expects at least one object. [D:/Janovec/LAB04/LAB04.srcs/constrs_1/imports/CITE2022/nexys4ddr.xdc:36]
Resolution: If [get_<value>] was used to populate the object, check to make sure this command returns at least one valid object.
WARNING: [Vivado 12-584] No ports matched 'd[2]'. [D:/Janovec/LAB04/LAB04.srcs/constrs_1/imports/CITE2022/nexys4ddr.xdc:37]
CRITICAL WARNING: [Common 17-55] 'set_property' expects at least one object. [D:/Janovec/LAB04/LAB04.srcs/constrs_1/imports/CITE2022/nexys4ddr.xdc:37]
Resolution: If [get_<value>] was used to populate the object, check to make sure this command returns at least one valid object.
WARNING: [Vivado 12-584] No ports matched 'd[3]'. [D:/Janovec/LAB04/LAB04.srcs/constrs_1/imports/CITE2022/nexys4ddr.xdc:38]
CRITICAL WARNING: [Common 17-55] 'set_property' expects at least one object. [D:/Janovec/LAB04/LAB04.srcs/constrs_1/imports/CITE2022/nexys4ddr.xdc:38]
Resolution: If [get_<value>] was used to populate the object, check to make sure this command returns at least one valid object.
WARNING: [Vivado 12-584] No ports matched 'd[4]'. [D:/Janovec/LAB04/LAB04.srcs/constrs_1/imports/CITE2022/nexys4ddr.xdc:39]
CRITICAL WARNING: [Common 17-55] 'set_property' expects at least one object. [D:/Janovec/LAB04/LAB04.srcs/constrs_1/imports/CITE2022/nexys4ddr.xdc:39]
Resolution: If [get_<value>] was used to populate the object, check to make sure this command returns at least one valid object.
WARNING: [Vivado 12-584] No ports matched 'd[5]'. [D:/Janovec/LAB04/LAB04.srcs/constrs_1/imports/CITE2022/nexys4ddr.xdc:40]
CRITICAL WARNING: [Common 17-55] 'set_property' expects at least one object. [D:/Janovec/LAB04/LAB04.srcs/constrs_1/imports/CITE2022/nexys4ddr.xdc:40]
Resolution: If [get_<value>] was used to populate the object, check to make sure this command returns at least one valid object.
WARNING: [Vivado 12-584] No ports matched 'd[6]'. [D:/Janovec/LAB04/LAB04.srcs/constrs_1/imports/CITE2022/nexys4ddr.xdc:41]
CRITICAL WARNING: [Common 17-55] 'set_property' expects at least one object. [D:/Janovec/LAB04/LAB04.srcs/constrs_1/imports/CITE2022/nexys4ddr.xdc:41]
Resolution: If [get_<value>] was used to populate the object, check to make sure this command returns at least one valid object.
WARNING: [Vivado 12-584] No ports matched 'd[7]'. [D:/Janovec/LAB04/LAB04.srcs/constrs_1/imports/CITE2022/nexys4ddr.xdc:42]
CRITICAL WARNING: [Common 17-55] 'set_property' expects at least one object. [D:/Janovec/LAB04/LAB04.srcs/constrs_1/imports/CITE2022/nexys4ddr.xdc:42]
Resolution: If [get_<value>] was used to populate the object, check to make sure this command returns at least one valid object.
WARNING: [Vivado 12-584] No ports matched 's[13]'. [D:/Janovec/LAB04/LAB04.srcs/constrs_1/imports/CITE2022/nexys4ddr.xdc:44]
CRITICAL WARNING: [Common 17-55] 'set_property' expects at least one object. [D:/Janovec/LAB04/LAB04.srcs/constrs_1/imports/CITE2022/nexys4ddr.xdc:44]
Resolution: If [get_<value>] was used to populate the object, check to make sure this command returns at least one valid object.
WARNING: [Vivado 12-584] No ports matched 's[14]'. [D:/Janovec/LAB04/LAB04.srcs/constrs_1/imports/CITE2022/nexys4ddr.xdc:45]
CRITICAL WARNING: [Common 17-55] 'set_property' expects at least one object. [D:/Janovec/LAB04/LAB04.srcs/constrs_1/imports/CITE2022/nexys4ddr.xdc:45]
Resolution: If [get_<value>] was used to populate the object, check to make sure this command returns at least one valid object.
WARNING: [Vivado 12-584] No ports matched 's[15]'. [D:/Janovec/LAB04/LAB04.srcs/constrs_1/imports/CITE2022/nexys4ddr.xdc:46]
CRITICAL WARNING: [Common 17-55] 'set_property' expects at least one object. [D:/Janovec/LAB04/LAB04.srcs/constrs_1/imports/CITE2022/nexys4ddr.xdc:46]
Resolution: If [get_<value>] was used to populate the object, check to make sure this command returns at least one valid object.
WARNING: [Vivado 12-584] No ports matched 'LEDs[0]'. [D:/Janovec/LAB04/LAB04.srcs/constrs_1/imports/CITE2022/nexys4ddr.xdc:55]
CRITICAL WARNING: [Common 17-55] 'set_property' expects at least one object. [D:/Janovec/LAB04/LAB04.srcs/constrs_1/imports/CITE2022/nexys4ddr.xdc:55]
Resolution: If [get_<value>] was used to populate the object, check to make sure this command returns at least one valid object.
WARNING: [Vivado 12-584] No ports matched 'LEDs[1]'. [D:/Janovec/LAB04/LAB04.srcs/constrs_1/imports/CITE2022/nexys4ddr.xdc:56]
CRITICAL WARNING: [Common 17-55] 'set_property' expects at least one object. [D:/Janovec/LAB04/LAB04.srcs/constrs_1/imports/CITE2022/nexys4ddr.xdc:56]
Resolution: If [get_<value>] was used to populate the object, check to make sure this command returns at least one valid object.
WARNING: [Vivado 12-584] No ports matched 'LEDs[2]'. [D:/Janovec/LAB04/LAB04.srcs/constrs_1/imports/CITE2022/nexys4ddr.xdc:57]
CRITICAL WARNING: [Common 17-55] 'set_property' expects at least one object. [D:/Janovec/LAB04/LAB04.srcs/constrs_1/imports/CITE2022/nexys4ddr.xdc:57]
Resolution: If [get_<value>] was used to populate the object, check to make sure this command returns at least one valid object.
WARNING: [Vivado 12-584] No ports matched 'LEDs[3]'. [D:/Janovec/LAB04/LAB04.srcs/constrs_1/imports/CITE2022/nexys4ddr.xdc:58]
CRITICAL WARNING: [Common 17-55] 'set_property' expects at least one object. [D:/Janovec/LAB04/LAB04.srcs/constrs_1/imports/CITE2022/nexys4ddr.xdc:58]
Resolution: If [get_<value>] was used to populate the object, check to make sure this command returns at least one valid object.
WARNING: [Vivado 12-584] No ports matched 'LEDs[4]'. [D:/Janovec/LAB04/LAB04.srcs/constrs_1/imports/CITE2022/nexys4ddr.xdc:59]
CRITICAL WARNING: [Common 17-55] 'set_property' expects at least one object. [D:/Janovec/LAB04/LAB04.srcs/constrs_1/imports/CITE2022/nexys4ddr.xdc:59]
Resolution: If [get_<value>] was used to populate the object, check to make sure this command returns at least one valid object.
WARNING: [Vivado 12-584] No ports matched 'LEDs[5]'. [D:/Janovec/LAB04/LAB04.srcs/constrs_1/imports/CITE2022/nexys4ddr.xdc:60]
CRITICAL WARNING: [Common 17-55] 'set_property' expects at least one object. [D:/Janovec/LAB04/LAB04.srcs/constrs_1/imports/CITE2022/nexys4ddr.xdc:60]
Resolution: If [get_<value>] was used to populate the object, check to make sure this command returns at least one valid object.
WARNING: [Vivado 12-584] No ports matched 'LEDs[6]'. [D:/Janovec/LAB04/LAB04.srcs/constrs_1/imports/CITE2022/nexys4ddr.xdc:61]
CRITICAL WARNING: [Common 17-55] 'set_property' expects at least one object. [D:/Janovec/LAB04/LAB04.srcs/constrs_1/imports/CITE2022/nexys4ddr.xdc:61]
Resolution: If [get_<value>] was used to populate the object, check to make sure this command returns at least one valid object.
WARNING: [Vivado 12-584] No ports matched 'LEDs[7]'. [D:/Janovec/LAB04/LAB04.srcs/constrs_1/imports/CITE2022/nexys4ddr.xdc:62]
CRITICAL WARNING: [Common 17-55] 'set_property' expects at least one object. [D:/Janovec/LAB04/LAB04.srcs/constrs_1/imports/CITE2022/nexys4ddr.xdc:62]
Resolution: If [get_<value>] was used to populate the object, check to make sure this command returns at least one valid object.
WARNING: [Vivado 12-584] No ports matched 'LEDs[8]'. [D:/Janovec/LAB04/LAB04.srcs/constrs_1/imports/CITE2022/nexys4ddr.xdc:63]
CRITICAL WARNING: [Common 17-55] 'set_property' expects at least one object. [D:/Janovec/LAB04/LAB04.srcs/constrs_1/imports/CITE2022/nexys4ddr.xdc:63]
Resolution: If [get_<value>] was used to populate the object, check to make sure this command returns at least one valid object.
WARNING: [Vivado 12-584] No ports matched 'LEDs[9]'. [D:/Janovec/LAB04/LAB04.srcs/constrs_1/imports/CITE2022/nexys4ddr.xdc:64]
CRITICAL WARNING: [Common 17-55] 'set_property' expects at least one object. [D:/Janovec/LAB04/LAB04.srcs/constrs_1/imports/CITE2022/nexys4ddr.xdc:64]
Resolution: If [get_<value>] was used to populate the object, check to make sure this command returns at least one valid object.
WARNING: [Vivado 12-584] No ports matched 'LEDs[10]'. [D:/Janovec/LAB04/LAB04.srcs/constrs_1/imports/CITE2022/nexys4ddr.xdc:65]
CRITICAL WARNING: [Common 17-55] 'set_property' expects at least one object. [D:/Janovec/LAB04/LAB04.srcs/constrs_1/imports/CITE2022/nexys4ddr.xdc:65]
Resolution: If [get_<value>] was used to populate the object, check to make sure this command returns at least one valid object.
WARNING: [Vivado 12-584] No ports matched 'LEDs[11]'. [D:/Janovec/LAB04/LAB04.srcs/constrs_1/imports/CITE2022/nexys4ddr.xdc:66]
CRITICAL WARNING: [Common 17-55] 'set_property' expects at least one object. [D:/Janovec/LAB04/LAB04.srcs/constrs_1/imports/CITE2022/nexys4ddr.xdc:66]
Resolution: If [get_<value>] was used to populate the object, check to make sure this command returns at least one valid object.
WARNING: [Vivado 12-584] No ports matched 'LEDs[12]'. [D:/Janovec/LAB04/LAB04.srcs/constrs_1/imports/CITE2022/nexys4ddr.xdc:67]
CRITICAL WARNING: [Common 17-55] 'set_property' expects at least one object. [D:/Janovec/LAB04/LAB04.srcs/constrs_1/imports/CITE2022/nexys4ddr.xdc:67]
Resolution: If [get_<value>] was used to populate the object, check to make sure this command returns at least one valid object.
WARNING: [Vivado 12-584] No ports matched 'LEDs[13]'. [D:/Janovec/LAB04/LAB04.srcs/constrs_1/imports/CITE2022/nexys4ddr.xdc:68]
CRITICAL WARNING: [Common 17-55] 'set_property' expects at least one object. [D:/Janovec/LAB04/LAB04.srcs/constrs_1/imports/CITE2022/nexys4ddr.xdc:68]
Resolution: If [get_<value>] was used to populate the object, check to make sure this command returns at least one valid object.
WARNING: [Vivado 12-584] No ports matched 'LEDs[14]'. [D:/Janovec/LAB04/LAB04.srcs/constrs_1/imports/CITE2022/nexys4ddr.xdc:69]
CRITICAL WARNING: [Common 17-55] 'set_property' expects at least one object. [D:/Janovec/LAB04/LAB04.srcs/constrs_1/imports/CITE2022/nexys4ddr.xdc:69]
Resolution: If [get_<value>] was used to populate the object, check to make sure this command returns at least one valid object.
WARNING: [Vivado 12-584] No ports matched 'LEDs[15]'. [D:/Janovec/LAB04/LAB04.srcs/constrs_1/imports/CITE2022/nexys4ddr.xdc:70]
CRITICAL WARNING: [Common 17-55] 'set_property' expects at least one object. [D:/Janovec/LAB04/LAB04.srcs/constrs_1/imports/CITE2022/nexys4ddr.xdc:70]
Resolution: If [get_<value>] was used to populate the object, check to make sure this command returns at least one valid object.
WARNING: [Vivado 12-584] No ports matched 'q'. [D:/Janovec/LAB04/LAB04.srcs/constrs_1/imports/CITE2022/nexys4ddr.xdc:73]
CRITICAL WARNING: [Common 17-55] 'set_property' expects at least one object. [D:/Janovec/LAB04/LAB04.srcs/constrs_1/imports/CITE2022/nexys4ddr.xdc:73]
Resolution: If [get_<value>] was used to populate the object, check to make sure this command returns at least one valid object.
Finished Parsing XDC File [D:/Janovec/LAB04/LAB04.srcs/constrs_1/imports/CITE2022/nexys4ddr.xdc]
Completed Processing XDC Constraints

INFO: [Opt 31-138] Pushed 0 inverter(s) to 0 load pin(s).
Netlist sorting complete. Time (s): cpu = 00:00:00 ; elapsed = 00:00:00 . Memory (MB): peak = 2831.586 ; gain = 0.000
INFO: [Project 1-111] Unisim Transformation Summary:
No Unisim elements were transformed.

RTL Elaboration Complete:  : Time (s): cpu = 00:00:16 ; elapsed = 00:00:11 . Memory (MB): peak = 2888.656 ; gain = 401.355
5 Infos, 44 Warnings, 44 Critical Warnings and 0 Errors encountered.
synth_design completed successfully
synth_design: Time (s): cpu = 00:00:16 ; elapsed = 00:00:11 . Memory (MB): peak = 2888.656 ; gain = 401.355
reset_run synth_1
launch_runs impl_1 -to_step write_bitstream -jobs 4
[Mon Apr  3 09:38:30 2023] Launched synth_1...
Run output will be captured here: D:/Janovec/LAB04/LAB04.runs/synth_1/runme.log
[Mon Apr  3 09:38:30 2023] Launched impl_1...
Run output will be captured here: D:/Janovec/LAB04/LAB04.runs/impl_1/runme.log
set_property PROBES.FILE {} [get_hw_devices xc7a100t_0]
set_property FULL_PROBES.FILE {} [get_hw_devices xc7a100t_0]
set_property PROGRAM.FILE {D:/Janovec/LAB04/LAB04.runs/impl_1/multiplexor.bit} [get_hw_devices xc7a100t_0]
program_hw_devices [get_hw_devices xc7a100t_0]
INFO: [Labtools 27-3164] End of startup status: HIGH
refresh_hw_device [lindex [get_hw_devices xc7a100t_0] 0]
INFO: [Labtools 27-1434] Device xc7a100t (JTAG device index = 0) is programmed with a design that has no supported debug core(s) in it.
set_property top vectors [current_fileset]
update_compile_order -fileset sources_1
reset_run synth_1
launch_runs impl_1 -to_step write_bitstream -jobs 4
[Mon Apr  3 09:59:55 2023] Launched synth_1...
Run output will be captured here: D:/Janovec/LAB04/LAB04.runs/synth_1/runme.log
[Mon Apr  3 09:59:55 2023] Launched impl_1...
Run output will be captured here: D:/Janovec/LAB04/LAB04.runs/impl_1/runme.log
set_property PROBES.FILE {} [get_hw_devices xc7a100t_0]
set_property FULL_PROBES.FILE {} [get_hw_devices xc7a100t_0]
set_property PROGRAM.FILE {D:/Janovec/LAB04/LAB04.runs/impl_1/vectors.bit} [get_hw_devices xc7a100t_0]
program_hw_devices [get_hw_devices xc7a100t_0]
INFO: [Labtools 27-3164] End of startup status: HIGH
refresh_hw_device [lindex [get_hw_devices xc7a100t_0] 0]
INFO: [Labtools 27-1434] Device xc7a100t (JTAG device index = 0) is programmed with a design that has no supported debug core(s) in it.
set_property top multiplexor [current_fileset]
update_compile_order -fileset sources_1
exit
INFO: [Common 17-206] Exiting Vivado at Mon Apr  3 10:23:39 2023...
