#-----------------------------------------------------------
# Vivado v2020.1 (64-bit)
# SW Build 2902540 on Wed May 27 19:54:49 MDT 2020
# IP Build 2902112 on Wed May 27 22:43:36 MDT 2020
# Start of session at: Mon Apr  3 09:06:38 2023
# Process ID: 3344
# Current directory: D:/Janovec/LAB04 (1)/LAB04
# Command line: vivado.exe -gui_launcher_event rodinguilauncherevent6196 D:\Janovec\LAB04 (1)\LAB04\LAB04.xpr
# Log file: D:/Janovec/LAB04 (1)/LAB04/vivado.log
# Journal file: D:/Janovec/LAB04 (1)/LAB04\vivado.jou
#-----------------------------------------------------------
start_gui
open_project {D:/Janovec/LAB04 (1)/LAB04/LAB04.xpr}
INFO: [Project 1-313] Project file moved from 'E:/TransparenceCloud/CITE2022/LAB04_pconditional/LAB04' since last save.
Scanning sources...
Finished scanning sources
WARNING: [filemgmt 56-3] Board Part Repository Path: Could not find the directory 'C:/Users/marti/AppData/Roaming/Xilinx/Vivado/2019.1/xhub/board_store'.
INFO: [IP_Flow 19-234] Refreshing IP repositories
INFO: [IP_Flow 19-1704] No user IP repositories specified
INFO: [IP_Flow 19-2313] Loaded Vivado IP repository 'C:/Xilinx/Vivado/2020.1/data/ip'.
open_project: Time (s): cpu = 00:00:10 ; elapsed = 00:00:05 . Memory (MB): peak = 1020.902 ; gain = 0.000
update_compile_order -fileset sources_1
synth_design -rtl -name rtl_1
Command: synth_design -rtl -name rtl_1
Starting synth_design
Using part: xc7a100tcsg324-1
Top: multiplexor
INFO: [Device 21-403] Loading part xc7a100tcsg324-1
---------------------------------------------------------------------------------
Starting RTL Elaboration : Time (s): cpu = 00:00:04 ; elapsed = 00:00:05 . Memory (MB): peak = 1292.922 ; gain = 240.508
---------------------------------------------------------------------------------
INFO: [Synth 8-638] synthesizing module 'multiplexor' [D:/Janovec/LAB04 (1)/LAB04/LAB04.srcs/sources_1/new/multiplexor.vhd:14]
INFO: [Synth 8-256] done synthesizing module 'multiplexor' (1#1) [D:/Janovec/LAB04 (1)/LAB04/LAB04.srcs/sources_1/new/multiplexor.vhd:14]
---------------------------------------------------------------------------------
Finished RTL Elaboration : Time (s): cpu = 00:00:06 ; elapsed = 00:00:06 . Memory (MB): peak = 1365.824 ; gain = 313.410
---------------------------------------------------------------------------------
---------------------------------------------------------------------------------
Start Handling Custom Attributes
---------------------------------------------------------------------------------
---------------------------------------------------------------------------------
Finished Handling Custom Attributes : Time (s): cpu = 00:00:06 ; elapsed = 00:00:06 . Memory (MB): peak = 1365.824 ; gain = 313.410
---------------------------------------------------------------------------------
---------------------------------------------------------------------------------
Finished RTL Optimization Phase 1 : Time (s): cpu = 00:00:06 ; elapsed = 00:00:06 . Memory (MB): peak = 1365.824 ; gain = 313.410
---------------------------------------------------------------------------------
Netlist sorting complete. Time (s): cpu = 00:00:00 ; elapsed = 00:00:00 . Memory (MB): peak = 1365.824 ; gain = 0.000
INFO: [Project 1-570] Preparing netlist for logic optimization

Processing XDC Constraints
Initializing timing engine
Parsing XDC File [D:/Janovec/LAB04 (1)/LAB04/LAB04.srcs/constrs_1/imports/CITE2022/nexys4ddr.xdc]
WARNING: [Vivado 12-584] No ports matched 'switches[0]'. [D:/Janovec/LAB04 (1)/LAB04/LAB04.srcs/constrs_1/imports/CITE2022/nexys4ddr.xdc:17]
CRITICAL WARNING: [Common 17-55] 'set_property' expects at least one object. [D:/Janovec/LAB04 (1)/LAB04/LAB04.srcs/constrs_1/imports/CITE2022/nexys4ddr.xdc:17]
Resolution: If [get_<value>] was used to populate the object, check to make sure this command returns at least one valid object.
WARNING: [Vivado 12-584] No ports matched 'switches[1]'. [D:/Janovec/LAB04 (1)/LAB04/LAB04.srcs/constrs_1/imports/CITE2022/nexys4ddr.xdc:18]
CRITICAL WARNING: [Common 17-55] 'set_property' expects at least one object. [D:/Janovec/LAB04 (1)/LAB04/LAB04.srcs/constrs_1/imports/CITE2022/nexys4ddr.xdc:18]
Resolution: If [get_<value>] was used to populate the object, check to make sure this command returns at least one valid object.
WARNING: [Vivado 12-584] No ports matched 'switches[2]'. [D:/Janovec/LAB04 (1)/LAB04/LAB04.srcs/constrs_1/imports/CITE2022/nexys4ddr.xdc:19]
CRITICAL WARNING: [Common 17-55] 'set_property' expects at least one object. [D:/Janovec/LAB04 (1)/LAB04/LAB04.srcs/constrs_1/imports/CITE2022/nexys4ddr.xdc:19]
Resolution: If [get_<value>] was used to populate the object, check to make sure this command returns at least one valid object.
WARNING: [Vivado 12-584] No ports matched 'switches[3]'. [D:/Janovec/LAB04 (1)/LAB04/LAB04.srcs/constrs_1/imports/CITE2022/nexys4ddr.xdc:20]
CRITICAL WARNING: [Common 17-55] 'set_property' expects at least one object. [D:/Janovec/LAB04 (1)/LAB04/LAB04.srcs/constrs_1/imports/CITE2022/nexys4ddr.xdc:20]
Resolution: If [get_<value>] was used to populate the object, check to make sure this command returns at least one valid object.
WARNING: [Vivado 12-584] No ports matched 'switches[4]'. [D:/Janovec/LAB04 (1)/LAB04/LAB04.srcs/constrs_1/imports/CITE2022/nexys4ddr.xdc:21]
CRITICAL WARNING: [Common 17-55] 'set_property' expects at least one object. [D:/Janovec/LAB04 (1)/LAB04/LAB04.srcs/constrs_1/imports/CITE2022/nexys4ddr.xdc:21]
Resolution: If [get_<value>] was used to populate the object, check to make sure this command returns at least one valid object.
WARNING: [Vivado 12-584] No ports matched 'switches[5]'. [D:/Janovec/LAB04 (1)/LAB04/LAB04.srcs/constrs_1/imports/CITE2022/nexys4ddr.xdc:22]
CRITICAL WARNING: [Common 17-55] 'set_property' expects at least one object. [D:/Janovec/LAB04 (1)/LAB04/LAB04.srcs/constrs_1/imports/CITE2022/nexys4ddr.xdc:22]
Resolution: If [get_<value>] was used to populate the object, check to make sure this command returns at least one valid object.
WARNING: [Vivado 12-584] No ports matched 'switches[6]'. [D:/Janovec/LAB04 (1)/LAB04/LAB04.srcs/constrs_1/imports/CITE2022/nexys4ddr.xdc:23]
CRITICAL WARNING: [Common 17-55] 'set_property' expects at least one object. [D:/Janovec/LAB04 (1)/LAB04/LAB04.srcs/constrs_1/imports/CITE2022/nexys4ddr.xdc:23]
Resolution: If [get_<value>] was used to populate the object, check to make sure this command returns at least one valid object.
WARNING: [Vivado 12-584] No ports matched 'switches[7]'. [D:/Janovec/LAB04 (1)/LAB04/LAB04.srcs/constrs_1/imports/CITE2022/nexys4ddr.xdc:24]
CRITICAL WARNING: [Common 17-55] 'set_property' expects at least one object. [D:/Janovec/LAB04 (1)/LAB04/LAB04.srcs/constrs_1/imports/CITE2022/nexys4ddr.xdc:24]
Resolution: If [get_<value>] was used to populate the object, check to make sure this command returns at least one valid object.
WARNING: [Vivado 12-584] No ports matched 'switches[8]'. [D:/Janovec/LAB04 (1)/LAB04/LAB04.srcs/constrs_1/imports/CITE2022/nexys4ddr.xdc:25]
CRITICAL WARNING: [Common 17-55] 'set_property' expects at least one object. [D:/Janovec/LAB04 (1)/LAB04/LAB04.srcs/constrs_1/imports/CITE2022/nexys4ddr.xdc:25]
Resolution: If [get_<value>] was used to populate the object, check to make sure this command returns at least one valid object.
WARNING: [Vivado 12-584] No ports matched 'switches[9]'. [D:/Janovec/LAB04 (1)/LAB04/LAB04.srcs/constrs_1/imports/CITE2022/nexys4ddr.xdc:26]
CRITICAL WARNING: [Common 17-55] 'set_property' expects at least one object. [D:/Janovec/LAB04 (1)/LAB04/LAB04.srcs/constrs_1/imports/CITE2022/nexys4ddr.xdc:26]
Resolution: If [get_<value>] was used to populate the object, check to make sure this command returns at least one valid object.
WARNING: [Vivado 12-584] No ports matched 'switches[10]'. [D:/Janovec/LAB04 (1)/LAB04/LAB04.srcs/constrs_1/imports/CITE2022/nexys4ddr.xdc:27]
CRITICAL WARNING: [Common 17-55] 'set_property' expects at least one object. [D:/Janovec/LAB04 (1)/LAB04/LAB04.srcs/constrs_1/imports/CITE2022/nexys4ddr.xdc:27]
Resolution: If [get_<value>] was used to populate the object, check to make sure this command returns at least one valid object.
WARNING: [Vivado 12-584] No ports matched 'switches[11]'. [D:/Janovec/LAB04 (1)/LAB04/LAB04.srcs/constrs_1/imports/CITE2022/nexys4ddr.xdc:28]
CRITICAL WARNING: [Common 17-55] 'set_property' expects at least one object. [D:/Janovec/LAB04 (1)/LAB04/LAB04.srcs/constrs_1/imports/CITE2022/nexys4ddr.xdc:28]
Resolution: If [get_<value>] was used to populate the object, check to make sure this command returns at least one valid object.
WARNING: [Vivado 12-584] No ports matched 'switches[12]'. [D:/Janovec/LAB04 (1)/LAB04/LAB04.srcs/constrs_1/imports/CITE2022/nexys4ddr.xdc:29]
CRITICAL WARNING: [Common 17-55] 'set_property' expects at least one object. [D:/Janovec/LAB04 (1)/LAB04/LAB04.srcs/constrs_1/imports/CITE2022/nexys4ddr.xdc:29]
Resolution: If [get_<value>] was used to populate the object, check to make sure this command returns at least one valid object.
WARNING: [Vivado 12-584] No ports matched 'switches[13]'. [D:/Janovec/LAB04 (1)/LAB04/LAB04.srcs/constrs_1/imports/CITE2022/nexys4ddr.xdc:30]
CRITICAL WARNING: [Common 17-55] 'set_property' expects at least one object. [D:/Janovec/LAB04 (1)/LAB04/LAB04.srcs/constrs_1/imports/CITE2022/nexys4ddr.xdc:30]
Resolution: If [get_<value>] was used to populate the object, check to make sure this command returns at least one valid object.
WARNING: [Vivado 12-584] No ports matched 'switches[14]'. [D:/Janovec/LAB04 (1)/LAB04/LAB04.srcs/constrs_1/imports/CITE2022/nexys4ddr.xdc:31]
CRITICAL WARNING: [Common 17-55] 'set_property' expects at least one object. [D:/Janovec/LAB04 (1)/LAB04/LAB04.srcs/constrs_1/imports/CITE2022/nexys4ddr.xdc:31]
Resolution: If [get_<value>] was used to populate the object, check to make sure this command returns at least one valid object.
WARNING: [Vivado 12-584] No ports matched 'switches[15]'. [D:/Janovec/LAB04 (1)/LAB04/LAB04.srcs/constrs_1/imports/CITE2022/nexys4ddr.xdc:32]
CRITICAL WARNING: [Common 17-55] 'set_property' expects at least one object. [D:/Janovec/LAB04 (1)/LAB04/LAB04.srcs/constrs_1/imports/CITE2022/nexys4ddr.xdc:32]
Resolution: If [get_<value>] was used to populate the object, check to make sure this command returns at least one valid object.
WARNING: [Vivado 12-584] No ports matched 'd[0]'. [D:/Janovec/LAB04 (1)/LAB04/LAB04.srcs/constrs_1/imports/CITE2022/nexys4ddr.xdc:35]
CRITICAL WARNING: [Common 17-55] 'set_property' expects at least one object. [D:/Janovec/LAB04 (1)/LAB04/LAB04.srcs/constrs_1/imports/CITE2022/nexys4ddr.xdc:35]
Resolution: If [get_<value>] was used to populate the object, check to make sure this command returns at least one valid object.
WARNING: [Vivado 12-584] No ports matched 'd[1]'. [D:/Janovec/LAB04 (1)/LAB04/LAB04.srcs/constrs_1/imports/CITE2022/nexys4ddr.xdc:36]
CRITICAL WARNING: [Common 17-55] 'set_property' expects at least one object. [D:/Janovec/LAB04 (1)/LAB04/LAB04.srcs/constrs_1/imports/CITE2022/nexys4ddr.xdc:36]
Resolution: If [get_<value>] was used to populate the object, check to make sure this command returns at least one valid object.
WARNING: [Vivado 12-584] No ports matched 'd[2]'. [D:/Janovec/LAB04 (1)/LAB04/LAB04.srcs/constrs_1/imports/CITE2022/nexys4ddr.xdc:37]
CRITICAL WARNING: [Common 17-55] 'set_property' expects at least one object. [D:/Janovec/LAB04 (1)/LAB04/LAB04.srcs/constrs_1/imports/CITE2022/nexys4ddr.xdc:37]
Resolution: If [get_<value>] was used to populate the object, check to make sure this command returns at least one valid object.
WARNING: [Vivado 12-584] No ports matched 'd[3]'. [D:/Janovec/LAB04 (1)/LAB04/LAB04.srcs/constrs_1/imports/CITE2022/nexys4ddr.xdc:38]
CRITICAL WARNING: [Common 17-55] 'set_property' expects at least one object. [D:/Janovec/LAB04 (1)/LAB04/LAB04.srcs/constrs_1/imports/CITE2022/nexys4ddr.xdc:38]
Resolution: If [get_<value>] was used to populate the object, check to make sure this command returns at least one valid object.
WARNING: [Vivado 12-584] No ports matched 'd[4]'. [D:/Janovec/LAB04 (1)/LAB04/LAB04.srcs/constrs_1/imports/CITE2022/nexys4ddr.xdc:39]
CRITICAL WARNING: [Common 17-55] 'set_property' expects at least one object. [D:/Janovec/LAB04 (1)/LAB04/LAB04.srcs/constrs_1/imports/CITE2022/nexys4ddr.xdc:39]
Resolution: If [get_<value>] was used to populate the object, check to make sure this command returns at least one valid object.
WARNING: [Vivado 12-584] No ports matched 'd[5]'. [D:/Janovec/LAB04 (1)/LAB04/LAB04.srcs/constrs_1/imports/CITE2022/nexys4ddr.xdc:40]
CRITICAL WARNING: [Common 17-55] 'set_property' expects at least one object. [D:/Janovec/LAB04 (1)/LAB04/LAB04.srcs/constrs_1/imports/CITE2022/nexys4ddr.xdc:40]
Resolution: If [get_<value>] was used to populate the object, check to make sure this command returns at least one valid object.
WARNING: [Vivado 12-584] No ports matched 'd[6]'. [D:/Janovec/LAB04 (1)/LAB04/LAB04.srcs/constrs_1/imports/CITE2022/nexys4ddr.xdc:41]
CRITICAL WARNING: [Common 17-55] 'set_property' expects at least one object. [D:/Janovec/LAB04 (1)/LAB04/LAB04.srcs/constrs_1/imports/CITE2022/nexys4ddr.xdc:41]
Resolution: If [get_<value>] was used to populate the object, check to make sure this command returns at least one valid object.
WARNING: [Vivado 12-584] No ports matched 'd[7]'. [D:/Janovec/LAB04 (1)/LAB04/LAB04.srcs/constrs_1/imports/CITE2022/nexys4ddr.xdc:42]
CRITICAL WARNING: [Common 17-55] 'set_property' expects at least one object. [D:/Janovec/LAB04 (1)/LAB04/LAB04.srcs/constrs_1/imports/CITE2022/nexys4ddr.xdc:42]
Resolution: If [get_<value>] was used to populate the object, check to make sure this command returns at least one valid object.
WARNING: [Vivado 12-584] No ports matched 's[13]'. [D:/Janovec/LAB04 (1)/LAB04/LAB04.srcs/constrs_1/imports/CITE2022/nexys4ddr.xdc:44]
CRITICAL WARNING: [Common 17-55] 'set_property' expects at least one object. [D:/Janovec/LAB04 (1)/LAB04/LAB04.srcs/constrs_1/imports/CITE2022/nexys4ddr.xdc:44]
Resolution: If [get_<value>] was used to populate the object, check to make sure this command returns at least one valid object.
WARNING: [Vivado 12-584] No ports matched 's[14]'. [D:/Janovec/LAB04 (1)/LAB04/LAB04.srcs/constrs_1/imports/CITE2022/nexys4ddr.xdc:45]
CRITICAL WARNING: [Common 17-55] 'set_property' expects at least one object. [D:/Janovec/LAB04 (1)/LAB04/LAB04.srcs/constrs_1/imports/CITE2022/nexys4ddr.xdc:45]
Resolution: If [get_<value>] was used to populate the object, check to make sure this command returns at least one valid object.
WARNING: [Vivado 12-584] No ports matched 's[15]'. [D:/Janovec/LAB04 (1)/LAB04/LAB04.srcs/constrs_1/imports/CITE2022/nexys4ddr.xdc:46]
CRITICAL WARNING: [Common 17-55] 'set_property' expects at least one object. [D:/Janovec/LAB04 (1)/LAB04/LAB04.srcs/constrs_1/imports/CITE2022/nexys4ddr.xdc:46]
Resolution: If [get_<value>] was used to populate the object, check to make sure this command returns at least one valid object.
WARNING: [Vivado 12-584] No ports matched 'LEDs[0]'. [D:/Janovec/LAB04 (1)/LAB04/LAB04.srcs/constrs_1/imports/CITE2022/nexys4ddr.xdc:55]
CRITICAL WARNING: [Common 17-55] 'set_property' expects at least one object. [D:/Janovec/LAB04 (1)/LAB04/LAB04.srcs/constrs_1/imports/CITE2022/nexys4ddr.xdc:55]
Resolution: If [get_<value>] was used to populate the object, check to make sure this command returns at least one valid object.
WARNING: [Vivado 12-584] No ports matched 'LEDs[1]'. [D:/Janovec/LAB04 (1)/LAB04/LAB04.srcs/constrs_1/imports/CITE2022/nexys4ddr.xdc:56]
CRITICAL WARNING: [Common 17-55] 'set_property' expects at least one object. [D:/Janovec/LAB04 (1)/LAB04/LAB04.srcs/constrs_1/imports/CITE2022/nexys4ddr.xdc:56]
Resolution: If [get_<value>] was used to populate the object, check to make sure this command returns at least one valid object.
WARNING: [Vivado 12-584] No ports matched 'LEDs[2]'. [D:/Janovec/LAB04 (1)/LAB04/LAB04.srcs/constrs_1/imports/CITE2022/nexys4ddr.xdc:57]
CRITICAL WARNING: [Common 17-55] 'set_property' expects at least one object. [D:/Janovec/LAB04 (1)/LAB04/LAB04.srcs/constrs_1/imports/CITE2022/nexys4ddr.xdc:57]
Resolution: If [get_<value>] was used to populate the object, check to make sure this command returns at least one valid object.
WARNING: [Vivado 12-584] No ports matched 'LEDs[3]'. [D:/Janovec/LAB04 (1)/LAB04/LAB04.srcs/constrs_1/imports/CITE2022/nexys4ddr.xdc:58]
CRITICAL WARNING: [Common 17-55] 'set_property' expects at least one object. [D:/Janovec/LAB04 (1)/LAB04/LAB04.srcs/constrs_1/imports/CITE2022/nexys4ddr.xdc:58]
Resolution: If [get_<value>] was used to populate the object, check to make sure this command returns at least one valid object.
WARNING: [Vivado 12-584] No ports matched 'LEDs[4]'. [D:/Janovec/LAB04 (1)/LAB04/LAB04.srcs/constrs_1/imports/CITE2022/nexys4ddr.xdc:59]
CRITICAL WARNING: [Common 17-55] 'set_property' expects at least one object. [D:/Janovec/LAB04 (1)/LAB04/LAB04.srcs/constrs_1/imports/CITE2022/nexys4ddr.xdc:59]
Resolution: If [get_<value>] was used to populate the object, check to make sure this command returns at least one valid object.
WARNING: [Vivado 12-584] No ports matched 'LEDs[5]'. [D:/Janovec/LAB04 (1)/LAB04/LAB04.srcs/constrs_1/imports/CITE2022/nexys4ddr.xdc:60]
CRITICAL WARNING: [Common 17-55] 'set_property' expects at least one object. [D:/Janovec/LAB04 (1)/LAB04/LAB04.srcs/constrs_1/imports/CITE2022/nexys4ddr.xdc:60]
Resolution: If [get_<value>] was used to populate the object, check to make sure this command returns at least one valid object.
WARNING: [Vivado 12-584] No ports matched 'LEDs[6]'. [D:/Janovec/LAB04 (1)/LAB04/LAB04.srcs/constrs_1/imports/CITE2022/nexys4ddr.xdc:61]
CRITICAL WARNING: [Common 17-55] 'set_property' expects at least one object. [D:/Janovec/LAB04 (1)/LAB04/LAB04.srcs/constrs_1/imports/CITE2022/nexys4ddr.xdc:61]
Resolution: If [get_<value>] was used to populate the object, check to make sure this command returns at least one valid object.
WARNING: [Vivado 12-584] No ports matched 'LEDs[7]'. [D:/Janovec/LAB04 (1)/LAB04/LAB04.srcs/constrs_1/imports/CITE2022/nexys4ddr.xdc:62]
CRITICAL WARNING: [Common 17-55] 'set_property' expects at least one object. [D:/Janovec/LAB04 (1)/LAB04/LAB04.srcs/constrs_1/imports/CITE2022/nexys4ddr.xdc:62]
Resolution: If [get_<value>] was used to populate the object, check to make sure this command returns at least one valid object.
WARNING: [Vivado 12-584] No ports matched 'LEDs[8]'. [D:/Janovec/LAB04 (1)/LAB04/LAB04.srcs/constrs_1/imports/CITE2022/nexys4ddr.xdc:63]
CRITICAL WARNING: [Common 17-55] 'set_property' expects at least one object. [D:/Janovec/LAB04 (1)/LAB04/LAB04.srcs/constrs_1/imports/CITE2022/nexys4ddr.xdc:63]
Resolution: If [get_<value>] was used to populate the object, check to make sure this command returns at least one valid object.
WARNING: [Vivado 12-584] No ports matched 'LEDs[9]'. [D:/Janovec/LAB04 (1)/LAB04/LAB04.srcs/constrs_1/imports/CITE2022/nexys4ddr.xdc:64]
CRITICAL WARNING: [Common 17-55] 'set_property' expects at least one object. [D:/Janovec/LAB04 (1)/LAB04/LAB04.srcs/constrs_1/imports/CITE2022/nexys4ddr.xdc:64]
Resolution: If [get_<value>] was used to populate the object, check to make sure this command returns at least one valid object.
WARNING: [Vivado 12-584] No ports matched 'LEDs[10]'. [D:/Janovec/LAB04 (1)/LAB04/LAB04.srcs/constrs_1/imports/CITE2022/nexys4ddr.xdc:65]
CRITICAL WARNING: [Common 17-55] 'set_property' expects at least one object. [D:/Janovec/LAB04 (1)/LAB04/LAB04.srcs/constrs_1/imports/CITE2022/nexys4ddr.xdc:65]
Resolution: If [get_<value>] was used to populate the object, check to make sure this command returns at least one valid object.
WARNING: [Vivado 12-584] No ports matched 'LEDs[11]'. [D:/Janovec/LAB04 (1)/LAB04/LAB04.srcs/constrs_1/imports/CITE2022/nexys4ddr.xdc:66]
CRITICAL WARNING: [Common 17-55] 'set_property' expects at least one object. [D:/Janovec/LAB04 (1)/LAB04/LAB04.srcs/constrs_1/imports/CITE2022/nexys4ddr.xdc:66]
Resolution: If [get_<value>] was used to populate the object, check to make sure this command returns at least one valid object.
WARNING: [Vivado 12-584] No ports matched 'LEDs[12]'. [D:/Janovec/LAB04 (1)/LAB04/LAB04.srcs/constrs_1/imports/CITE2022/nexys4ddr.xdc:67]
CRITICAL WARNING: [Common 17-55] 'set_property' expects at least one object. [D:/Janovec/LAB04 (1)/LAB04/LAB04.srcs/constrs_1/imports/CITE2022/nexys4ddr.xdc:67]
Resolution: If [get_<value>] was used to populate the object, check to make sure this command returns at least one valid object.
WARNING: [Vivado 12-584] No ports matched 'LEDs[13]'. [D:/Janovec/LAB04 (1)/LAB04/LAB04.srcs/constrs_1/imports/CITE2022/nexys4ddr.xdc:68]
CRITICAL WARNING: [Common 17-55] 'set_property' expects at least one object. [D:/Janovec/LAB04 (1)/LAB04/LAB04.srcs/constrs_1/imports/CITE2022/nexys4ddr.xdc:68]
Resolution: If [get_<value>] was used to populate the object, check to make sure this command returns at least one valid object.
WARNING: [Vivado 12-584] No ports matched 'LEDs[14]'. [D:/Janovec/LAB04 (1)/LAB04/LAB04.srcs/constrs_1/imports/CITE2022/nexys4ddr.xdc:69]
CRITICAL WARNING: [Common 17-55] 'set_property' expects at least one object. [D:/Janovec/LAB04 (1)/LAB04/LAB04.srcs/constrs_1/imports/CITE2022/nexys4ddr.xdc:69]
Resolution: If [get_<value>] was used to populate the object, check to make sure this command returns at least one valid object.
WARNING: [Vivado 12-584] No ports matched 'LEDs[15]'. [D:/Janovec/LAB04 (1)/LAB04/LAB04.srcs/constrs_1/imports/CITE2022/nexys4ddr.xdc:70]
CRITICAL WARNING: [Common 17-55] 'set_property' expects at least one object. [D:/Janovec/LAB04 (1)/LAB04/LAB04.srcs/constrs_1/imports/CITE2022/nexys4ddr.xdc:70]
Resolution: If [get_<value>] was used to populate the object, check to make sure this command returns at least one valid object.
WARNING: [Vivado 12-584] No ports matched 'q'. [D:/Janovec/LAB04 (1)/LAB04/LAB04.srcs/constrs_1/imports/CITE2022/nexys4ddr.xdc:73]
CRITICAL WARNING: [Common 17-55] 'set_property' expects at least one object. [D:/Janovec/LAB04 (1)/LAB04/LAB04.srcs/constrs_1/imports/CITE2022/nexys4ddr.xdc:73]
Resolution: If [get_<value>] was used to populate the object, check to make sure this command returns at least one valid object.
Finished Parsing XDC File [D:/Janovec/LAB04 (1)/LAB04/LAB04.srcs/constrs_1/imports/CITE2022/nexys4ddr.xdc]
Completed Processing XDC Constraints

INFO: [Opt 31-138] Pushed 0 inverter(s) to 0 load pin(s).
Netlist sorting complete. Time (s): cpu = 00:00:00 ; elapsed = 00:00:00 . Memory (MB): peak = 1386.539 ; gain = 0.000
INFO: [Project 1-111] Unisim Transformation Summary:
No Unisim elements were transformed.

RTL Elaboration Complete:  : Time (s): cpu = 00:00:18 ; elapsed = 00:00:12 . Memory (MB): peak = 1450.430 ; gain = 398.016
6 Infos, 44 Warnings, 44 Critical Warnings and 0 Errors encountered.
synth_design completed successfully
synth_design: Time (s): cpu = 00:00:24 ; elapsed = 00:00:25 . Memory (MB): peak = 1450.430 ; gain = 429.527
refresh_design
---------------------------------------------------------------------------------
Starting RTL Elaboration : Time (s): cpu = 00:00:05 ; elapsed = 00:00:04 . Memory (MB): peak = 1538.832 ; gain = 43.051
---------------------------------------------------------------------------------
INFO: [Synth 8-638] synthesizing module 'multiplexor' [D:/Janovec/LAB04 (1)/LAB04/LAB04.srcs/sources_1/new/multiplexor.vhd:14]
INFO: [Synth 8-256] done synthesizing module 'multiplexor' (1#1) [D:/Janovec/LAB04 (1)/LAB04/LAB04.srcs/sources_1/new/multiplexor.vhd:14]
---------------------------------------------------------------------------------
Finished RTL Elaboration : Time (s): cpu = 00:00:06 ; elapsed = 00:00:05 . Memory (MB): peak = 1568.418 ; gain = 72.637
---------------------------------------------------------------------------------
---------------------------------------------------------------------------------
Start Handling Custom Attributes
---------------------------------------------------------------------------------
---------------------------------------------------------------------------------
Finished Handling Custom Attributes : Time (s): cpu = 00:00:06 ; elapsed = 00:00:05 . Memory (MB): peak = 1591.246 ; gain = 95.465
---------------------------------------------------------------------------------
---------------------------------------------------------------------------------
Finished RTL Optimization Phase 1 : Time (s): cpu = 00:00:06 ; elapsed = 00:00:05 . Memory (MB): peak = 1591.246 ; gain = 95.465
---------------------------------------------------------------------------------
Netlist sorting complete. Time (s): cpu = 00:00:00 ; elapsed = 00:00:00 . Memory (MB): peak = 1591.246 ; gain = 0.000
INFO: [Project 1-570] Preparing netlist for logic optimization

Processing XDC Constraints
Initializing timing engine
Parsing XDC File [D:/Janovec/LAB04 (1)/LAB04/LAB04.srcs/constrs_1/imports/CITE2022/nexys4ddr.xdc]
WARNING: [Vivado 12-584] No ports matched 'switches[0]'. [D:/Janovec/LAB04 (1)/LAB04/LAB04.srcs/constrs_1/imports/CITE2022/nexys4ddr.xdc:17]
CRITICAL WARNING: [Common 17-55] 'set_property' expects at least one object. [D:/Janovec/LAB04 (1)/LAB04/LAB04.srcs/constrs_1/imports/CITE2022/nexys4ddr.xdc:17]
Resolution: If [get_<value>] was used to populate the object, check to make sure this command returns at least one valid object.
WARNING: [Vivado 12-584] No ports matched 'switches[1]'. [D:/Janovec/LAB04 (1)/LAB04/LAB04.srcs/constrs_1/imports/CITE2022/nexys4ddr.xdc:18]
CRITICAL WARNING: [Common 17-55] 'set_property' expects at least one object. [D:/Janovec/LAB04 (1)/LAB04/LAB04.srcs/constrs_1/imports/CITE2022/nexys4ddr.xdc:18]
Resolution: If [get_<value>] was used to populate the object, check to make sure this command returns at least one valid object.
WARNING: [Vivado 12-584] No ports matched 'switches[2]'. [D:/Janovec/LAB04 (1)/LAB04/LAB04.srcs/constrs_1/imports/CITE2022/nexys4ddr.xdc:19]
CRITICAL WARNING: [Common 17-55] 'set_property' expects at least one object. [D:/Janovec/LAB04 (1)/LAB04/LAB04.srcs/constrs_1/imports/CITE2022/nexys4ddr.xdc:19]
Resolution: If [get_<value>] was used to populate the object, check to make sure this command returns at least one valid object.
WARNING: [Vivado 12-584] No ports matched 'switches[3]'. [D:/Janovec/LAB04 (1)/LAB04/LAB04.srcs/constrs_1/imports/CITE2022/nexys4ddr.xdc:20]
CRITICAL WARNING: [Common 17-55] 'set_property' expects at least one object. [D:/Janovec/LAB04 (1)/LAB04/LAB04.srcs/constrs_1/imports/CITE2022/nexys4ddr.xdc:20]
Resolution: If [get_<value>] was used to populate the object, check to make sure this command returns at least one valid object.
WARNING: [Vivado 12-584] No ports matched 'switches[4]'. [D:/Janovec/LAB04 (1)/LAB04/LAB04.srcs/constrs_1/imports/CITE2022/nexys4ddr.xdc:21]
CRITICAL WARNING: [Common 17-55] 'set_property' expects at least one object. [D:/Janovec/LAB04 (1)/LAB04/LAB04.srcs/constrs_1/imports/CITE2022/nexys4ddr.xdc:21]
Resolution: If [get_<value>] was used to populate the object, check to make sure this command returns at least one valid object.
WARNING: [Vivado 12-584] No ports matched 'switches[5]'. [D:/Janovec/LAB04 (1)/LAB04/LAB04.srcs/constrs_1/imports/CITE2022/nexys4ddr.xdc:22]
CRITICAL WARNING: [Common 17-55] 'set_property' expects at least one object. [D:/Janovec/LAB04 (1)/LAB04/LAB04.srcs/constrs_1/imports/CITE2022/nexys4ddr.xdc:22]
Resolution: If [get_<value>] was used to populate the object, check to make sure this command returns at least one valid object.
WARNING: [Vivado 12-584] No ports matched 'switches[6]'. [D:/Janovec/LAB04 (1)/LAB04/LAB04.srcs/constrs_1/imports/CITE2022/nexys4ddr.xdc:23]
CRITICAL WARNING: [Common 17-55] 'set_property' expects at least one object. [D:/Janovec/LAB04 (1)/LAB04/LAB04.srcs/constrs_1/imports/CITE2022/nexys4ddr.xdc:23]
Resolution: If [get_<value>] was used to populate the object, check to make sure this command returns at least one valid object.
WARNING: [Vivado 12-584] No ports matched 'switches[7]'. [D:/Janovec/LAB04 (1)/LAB04/LAB04.srcs/constrs_1/imports/CITE2022/nexys4ddr.xdc:24]
CRITICAL WARNING: [Common 17-55] 'set_property' expects at least one object. [D:/Janovec/LAB04 (1)/LAB04/LAB04.srcs/constrs_1/imports/CITE2022/nexys4ddr.xdc:24]
Resolution: If [get_<value>] was used to populate the object, check to make sure this command returns at least one valid object.
WARNING: [Vivado 12-584] No ports matched 'switches[8]'. [D:/Janovec/LAB04 (1)/LAB04/LAB04.srcs/constrs_1/imports/CITE2022/nexys4ddr.xdc:25]
CRITICAL WARNING: [Common 17-55] 'set_property' expects at least one object. [D:/Janovec/LAB04 (1)/LAB04/LAB04.srcs/constrs_1/imports/CITE2022/nexys4ddr.xdc:25]
Resolution: If [get_<value>] was used to populate the object, check to make sure this command returns at least one valid object.
WARNING: [Vivado 12-584] No ports matched 'switches[9]'. [D:/Janovec/LAB04 (1)/LAB04/LAB04.srcs/constrs_1/imports/CITE2022/nexys4ddr.xdc:26]
CRITICAL WARNING: [Common 17-55] 'set_property' expects at least one object. [D:/Janovec/LAB04 (1)/LAB04/LAB04.srcs/constrs_1/imports/CITE2022/nexys4ddr.xdc:26]
Resolution: If [get_<value>] was used to populate the object, check to make sure this command returns at least one valid object.
WARNING: [Vivado 12-584] No ports matched 'switches[10]'. [D:/Janovec/LAB04 (1)/LAB04/LAB04.srcs/constrs_1/imports/CITE2022/nexys4ddr.xdc:27]
CRITICAL WARNING: [Common 17-55] 'set_property' expects at least one object. [D:/Janovec/LAB04 (1)/LAB04/LAB04.srcs/constrs_1/imports/CITE2022/nexys4ddr.xdc:27]
Resolution: If [get_<value>] was used to populate the object, check to make sure this command returns at least one valid object.
WARNING: [Vivado 12-584] No ports matched 'switches[11]'. [D:/Janovec/LAB04 (1)/LAB04/LAB04.srcs/constrs_1/imports/CITE2022/nexys4ddr.xdc:28]
CRITICAL WARNING: [Common 17-55] 'set_property' expects at least one object. [D:/Janovec/LAB04 (1)/LAB04/LAB04.srcs/constrs_1/imports/CITE2022/nexys4ddr.xdc:28]
Resolution: If [get_<value>] was used to populate the object, check to make sure this command returns at least one valid object.
WARNING: [Vivado 12-584] No ports matched 'switches[12]'. [D:/Janovec/LAB04 (1)/LAB04/LAB04.srcs/constrs_1/imports/CITE2022/nexys4ddr.xdc:29]
CRITICAL WARNING: [Common 17-55] 'set_property' expects at least one object. [D:/Janovec/LAB04 (1)/LAB04/LAB04.srcs/constrs_1/imports/CITE2022/nexys4ddr.xdc:29]
Resolution: If [get_<value>] was used to populate the object, check to make sure this command returns at least one valid object.
WARNING: [Vivado 12-584] No ports matched 'switches[13]'. [D:/Janovec/LAB04 (1)/LAB04/LAB04.srcs/constrs_1/imports/CITE2022/nexys4ddr.xdc:30]
CRITICAL WARNING: [Common 17-55] 'set_property' expects at least one object. [D:/Janovec/LAB04 (1)/LAB04/LAB04.srcs/constrs_1/imports/CITE2022/nexys4ddr.xdc:30]
Resolution: If [get_<value>] was used to populate the object, check to make sure this command returns at least one valid object.
WARNING: [Vivado 12-584] No ports matched 'switches[14]'. [D:/Janovec/LAB04 (1)/LAB04/LAB04.srcs/constrs_1/imports/CITE2022/nexys4ddr.xdc:31]
CRITICAL WARNING: [Common 17-55] 'set_property' expects at least one object. [D:/Janovec/LAB04 (1)/LAB04/LAB04.srcs/constrs_1/imports/CITE2022/nexys4ddr.xdc:31]
Resolution: If [get_<value>] was used to populate the object, check to make sure this command returns at least one valid object.
WARNING: [Vivado 12-584] No ports matched 'switches[15]'. [D:/Janovec/LAB04 (1)/LAB04/LAB04.srcs/constrs_1/imports/CITE2022/nexys4ddr.xdc:32]
CRITICAL WARNING: [Common 17-55] 'set_property' expects at least one object. [D:/Janovec/LAB04 (1)/LAB04/LAB04.srcs/constrs_1/imports/CITE2022/nexys4ddr.xdc:32]
Resolution: If [get_<value>] was used to populate the object, check to make sure this command returns at least one valid object.
WARNING: [Vivado 12-584] No ports matched 'd[0]'. [D:/Janovec/LAB04 (1)/LAB04/LAB04.srcs/constrs_1/imports/CITE2022/nexys4ddr.xdc:35]
CRITICAL WARNING: [Common 17-55] 'set_property' expects at least one object. [D:/Janovec/LAB04 (1)/LAB04/LAB04.srcs/constrs_1/imports/CITE2022/nexys4ddr.xdc:35]
Resolution: If [get_<value>] was used to populate the object, check to make sure this command returns at least one valid object.
WARNING: [Vivado 12-584] No ports matched 'd[1]'. [D:/Janovec/LAB04 (1)/LAB04/LAB04.srcs/constrs_1/imports/CITE2022/nexys4ddr.xdc:36]
CRITICAL WARNING: [Common 17-55] 'set_property' expects at least one object. [D:/Janovec/LAB04 (1)/LAB04/LAB04.srcs/constrs_1/imports/CITE2022/nexys4ddr.xdc:36]
Resolution: If [get_<value>] was used to populate the object, check to make sure this command returns at least one valid object.
WARNING: [Vivado 12-584] No ports matched 'd[2]'. [D:/Janovec/LAB04 (1)/LAB04/LAB04.srcs/constrs_1/imports/CITE2022/nexys4ddr.xdc:37]
CRITICAL WARNING: [Common 17-55] 'set_property' expects at least one object. [D:/Janovec/LAB04 (1)/LAB04/LAB04.srcs/constrs_1/imports/CITE2022/nexys4ddr.xdc:37]
Resolution: If [get_<value>] was used to populate the object, check to make sure this command returns at least one valid object.
WARNING: [Vivado 12-584] No ports matched 'd[3]'. [D:/Janovec/LAB04 (1)/LAB04/LAB04.srcs/constrs_1/imports/CITE2022/nexys4ddr.xdc:38]
CRITICAL WARNING: [Common 17-55] 'set_property' expects at least one object. [D:/Janovec/LAB04 (1)/LAB04/LAB04.srcs/constrs_1/imports/CITE2022/nexys4ddr.xdc:38]
Resolution: If [get_<value>] was used to populate the object, check to make sure this command returns at least one valid object.
WARNING: [Vivado 12-584] No ports matched 'd[4]'. [D:/Janovec/LAB04 (1)/LAB04/LAB04.srcs/constrs_1/imports/CITE2022/nexys4ddr.xdc:39]
CRITICAL WARNING: [Common 17-55] 'set_property' expects at least one object. [D:/Janovec/LAB04 (1)/LAB04/LAB04.srcs/constrs_1/imports/CITE2022/nexys4ddr.xdc:39]
Resolution: If [get_<value>] was used to populate the object, check to make sure this command returns at least one valid object.
WARNING: [Vivado 12-584] No ports matched 'd[5]'. [D:/Janovec/LAB04 (1)/LAB04/LAB04.srcs/constrs_1/imports/CITE2022/nexys4ddr.xdc:40]
CRITICAL WARNING: [Common 17-55] 'set_property' expects at least one object. [D:/Janovec/LAB04 (1)/LAB04/LAB04.srcs/constrs_1/imports/CITE2022/nexys4ddr.xdc:40]
Resolution: If [get_<value>] was used to populate the object, check to make sure this command returns at least one valid object.
WARNING: [Vivado 12-584] No ports matched 'd[6]'. [D:/Janovec/LAB04 (1)/LAB04/LAB04.srcs/constrs_1/imports/CITE2022/nexys4ddr.xdc:41]
CRITICAL WARNING: [Common 17-55] 'set_property' expects at least one object. [D:/Janovec/LAB04 (1)/LAB04/LAB04.srcs/constrs_1/imports/CITE2022/nexys4ddr.xdc:41]
Resolution: If [get_<value>] was used to populate the object, check to make sure this command returns at least one valid object.
WARNING: [Vivado 12-584] No ports matched 'd[7]'. [D:/Janovec/LAB04 (1)/LAB04/LAB04.srcs/constrs_1/imports/CITE2022/nexys4ddr.xdc:42]
CRITICAL WARNING: [Common 17-55] 'set_property' expects at least one object. [D:/Janovec/LAB04 (1)/LAB04/LAB04.srcs/constrs_1/imports/CITE2022/nexys4ddr.xdc:42]
Resolution: If [get_<value>] was used to populate the object, check to make sure this command returns at least one valid object.
WARNING: [Vivado 12-584] No ports matched 's[13]'. [D:/Janovec/LAB04 (1)/LAB04/LAB04.srcs/constrs_1/imports/CITE2022/nexys4ddr.xdc:44]
CRITICAL WARNING: [Common 17-55] 'set_property' expects at least one object. [D:/Janovec/LAB04 (1)/LAB04/LAB04.srcs/constrs_1/imports/CITE2022/nexys4ddr.xdc:44]
Resolution: If [get_<value>] was used to populate the object, check to make sure this command returns at least one valid object.
WARNING: [Vivado 12-584] No ports matched 's[14]'. [D:/Janovec/LAB04 (1)/LAB04/LAB04.srcs/constrs_1/imports/CITE2022/nexys4ddr.xdc:45]
CRITICAL WARNING: [Common 17-55] 'set_property' expects at least one object. [D:/Janovec/LAB04 (1)/LAB04/LAB04.srcs/constrs_1/imports/CITE2022/nexys4ddr.xdc:45]
Resolution: If [get_<value>] was used to populate the object, check to make sure this command returns at least one valid object.
WARNING: [Vivado 12-584] No ports matched 's[15]'. [D:/Janovec/LAB04 (1)/LAB04/LAB04.srcs/constrs_1/imports/CITE2022/nexys4ddr.xdc:46]
CRITICAL WARNING: [Common 17-55] 'set_property' expects at least one object. [D:/Janovec/LAB04 (1)/LAB04/LAB04.srcs/constrs_1/imports/CITE2022/nexys4ddr.xdc:46]
Resolution: If [get_<value>] was used to populate the object, check to make sure this command returns at least one valid object.
WARNING: [Vivado 12-584] No ports matched 'LEDs[0]'. [D:/Janovec/LAB04 (1)/LAB04/LAB04.srcs/constrs_1/imports/CITE2022/nexys4ddr.xdc:55]
CRITICAL WARNING: [Common 17-55] 'set_property' expects at least one object. [D:/Janovec/LAB04 (1)/LAB04/LAB04.srcs/constrs_1/imports/CITE2022/nexys4ddr.xdc:55]
Resolution: If [get_<value>] was used to populate the object, check to make sure this command returns at least one valid object.
WARNING: [Vivado 12-584] No ports matched 'LEDs[1]'. [D:/Janovec/LAB04 (1)/LAB04/LAB04.srcs/constrs_1/imports/CITE2022/nexys4ddr.xdc:56]
CRITICAL WARNING: [Common 17-55] 'set_property' expects at least one object. [D:/Janovec/LAB04 (1)/LAB04/LAB04.srcs/constrs_1/imports/CITE2022/nexys4ddr.xdc:56]
Resolution: If [get_<value>] was used to populate the object, check to make sure this command returns at least one valid object.
WARNING: [Vivado 12-584] No ports matched 'LEDs[2]'. [D:/Janovec/LAB04 (1)/LAB04/LAB04.srcs/constrs_1/imports/CITE2022/nexys4ddr.xdc:57]
CRITICAL WARNING: [Common 17-55] 'set_property' expects at least one object. [D:/Janovec/LAB04 (1)/LAB04/LAB04.srcs/constrs_1/imports/CITE2022/nexys4ddr.xdc:57]
Resolution: If [get_<value>] was used to populate the object, check to make sure this command returns at least one valid object.
WARNING: [Vivado 12-584] No ports matched 'LEDs[3]'. [D:/Janovec/LAB04 (1)/LAB04/LAB04.srcs/constrs_1/imports/CITE2022/nexys4ddr.xdc:58]
CRITICAL WARNING: [Common 17-55] 'set_property' expects at least one object. [D:/Janovec/LAB04 (1)/LAB04/LAB04.srcs/constrs_1/imports/CITE2022/nexys4ddr.xdc:58]
Resolution: If [get_<value>] was used to populate the object, check to make sure this command returns at least one valid object.
WARNING: [Vivado 12-584] No ports matched 'LEDs[4]'. [D:/Janovec/LAB04 (1)/LAB04/LAB04.srcs/constrs_1/imports/CITE2022/nexys4ddr.xdc:59]
CRITICAL WARNING: [Common 17-55] 'set_property' expects at least one object. [D:/Janovec/LAB04 (1)/LAB04/LAB04.srcs/constrs_1/imports/CITE2022/nexys4ddr.xdc:59]
Resolution: If [get_<value>] was used to populate the object, check to make sure this command returns at least one valid object.
WARNING: [Vivado 12-584] No ports matched 'LEDs[5]'. [D:/Janovec/LAB04 (1)/LAB04/LAB04.srcs/constrs_1/imports/CITE2022/nexys4ddr.xdc:60]
CRITICAL WARNING: [Common 17-55] 'set_property' expects at least one object. [D:/Janovec/LAB04 (1)/LAB04/LAB04.srcs/constrs_1/imports/CITE2022/nexys4ddr.xdc:60]
Resolution: If [get_<value>] was used to populate the object, check to make sure this command returns at least one valid object.
WARNING: [Vivado 12-584] No ports matched 'LEDs[6]'. [D:/Janovec/LAB04 (1)/LAB04/LAB04.srcs/constrs_1/imports/CITE2022/nexys4ddr.xdc:61]
CRITICAL WARNING: [Common 17-55] 'set_property' expects at least one object. [D:/Janovec/LAB04 (1)/LAB04/LAB04.srcs/constrs_1/imports/CITE2022/nexys4ddr.xdc:61]
Resolution: If [get_<value>] was used to populate the object, check to make sure this command returns at least one valid object.
WARNING: [Vivado 12-584] No ports matched 'LEDs[7]'. [D:/Janovec/LAB04 (1)/LAB04/LAB04.srcs/constrs_1/imports/CITE2022/nexys4ddr.xdc:62]
CRITICAL WARNING: [Common 17-55] 'set_property' expects at least one object. [D:/Janovec/LAB04 (1)/LAB04/LAB04.srcs/constrs_1/imports/CITE2022/nexys4ddr.xdc:62]
Resolution: If [get_<value>] was used to populate the object, check to make sure this command returns at least one valid object.
WARNING: [Vivado 12-584] No ports matched 'LEDs[8]'. [D:/Janovec/LAB04 (1)/LAB04/LAB04.srcs/constrs_1/imports/CITE2022/nexys4ddr.xdc:63]
CRITICAL WARNING: [Common 17-55] 'set_property' expects at least one object. [D:/Janovec/LAB04 (1)/LAB04/LAB04.srcs/constrs_1/imports/CITE2022/nexys4ddr.xdc:63]
Resolution: If [get_<value>] was used to populate the object, check to make sure this command returns at least one valid object.
WARNING: [Vivado 12-584] No ports matched 'LEDs[9]'. [D:/Janovec/LAB04 (1)/LAB04/LAB04.srcs/constrs_1/imports/CITE2022/nexys4ddr.xdc:64]
CRITICAL WARNING: [Common 17-55] 'set_property' expects at least one object. [D:/Janovec/LAB04 (1)/LAB04/LAB04.srcs/constrs_1/imports/CITE2022/nexys4ddr.xdc:64]
Resolution: If [get_<value>] was used to populate the object, check to make sure this command returns at least one valid object.
WARNING: [Vivado 12-584] No ports matched 'LEDs[10]'. [D:/Janovec/LAB04 (1)/LAB04/LAB04.srcs/constrs_1/imports/CITE2022/nexys4ddr.xdc:65]
CRITICAL WARNING: [Common 17-55] 'set_property' expects at least one object. [D:/Janovec/LAB04 (1)/LAB04/LAB04.srcs/constrs_1/imports/CITE2022/nexys4ddr.xdc:65]
Resolution: If [get_<value>] was used to populate the object, check to make sure this command returns at least one valid object.
WARNING: [Vivado 12-584] No ports matched 'LEDs[11]'. [D:/Janovec/LAB04 (1)/LAB04/LAB04.srcs/constrs_1/imports/CITE2022/nexys4ddr.xdc:66]
CRITICAL WARNING: [Common 17-55] 'set_property' expects at least one object. [D:/Janovec/LAB04 (1)/LAB04/LAB04.srcs/constrs_1/imports/CITE2022/nexys4ddr.xdc:66]
Resolution: If [get_<value>] was used to populate the object, check to make sure this command returns at least one valid object.
WARNING: [Vivado 12-584] No ports matched 'LEDs[12]'. [D:/Janovec/LAB04 (1)/LAB04/LAB04.srcs/constrs_1/imports/CITE2022/nexys4ddr.xdc:67]
CRITICAL WARNING: [Common 17-55] 'set_property' expects at least one object. [D:/Janovec/LAB04 (1)/LAB04/LAB04.srcs/constrs_1/imports/CITE2022/nexys4ddr.xdc:67]
Resolution: If [get_<value>] was used to populate the object, check to make sure this command returns at least one valid object.
WARNING: [Vivado 12-584] No ports matched 'LEDs[13]'. [D:/Janovec/LAB04 (1)/LAB04/LAB04.srcs/constrs_1/imports/CITE2022/nexys4ddr.xdc:68]
CRITICAL WARNING: [Common 17-55] 'set_property' expects at least one object. [D:/Janovec/LAB04 (1)/LAB04/LAB04.srcs/constrs_1/imports/CITE2022/nexys4ddr.xdc:68]
Resolution: If [get_<value>] was used to populate the object, check to make sure this command returns at least one valid object.
WARNING: [Vivado 12-584] No ports matched 'LEDs[14]'. [D:/Janovec/LAB04 (1)/LAB04/LAB04.srcs/constrs_1/imports/CITE2022/nexys4ddr.xdc:69]
CRITICAL WARNING: [Common 17-55] 'set_property' expects at least one object. [D:/Janovec/LAB04 (1)/LAB04/LAB04.srcs/constrs_1/imports/CITE2022/nexys4ddr.xdc:69]
Resolution: If [get_<value>] was used to populate the object, check to make sure this command returns at least one valid object.
WARNING: [Vivado 12-584] No ports matched 'LEDs[15]'. [D:/Janovec/LAB04 (1)/LAB04/LAB04.srcs/constrs_1/imports/CITE2022/nexys4ddr.xdc:70]
CRITICAL WARNING: [Common 17-55] 'set_property' expects at least one object. [D:/Janovec/LAB04 (1)/LAB04/LAB04.srcs/constrs_1/imports/CITE2022/nexys4ddr.xdc:70]
Resolution: If [get_<value>] was used to populate the object, check to make sure this command returns at least one valid object.
WARNING: [Vivado 12-584] No ports matched 'q'. [D:/Janovec/LAB04 (1)/LAB04/LAB04.srcs/constrs_1/imports/CITE2022/nexys4ddr.xdc:73]
CRITICAL WARNING: [Common 17-55] 'set_property' expects at least one object. [D:/Janovec/LAB04 (1)/LAB04/LAB04.srcs/constrs_1/imports/CITE2022/nexys4ddr.xdc:73]
Resolution: If [get_<value>] was used to populate the object, check to make sure this command returns at least one valid object.
Finished Parsing XDC File [D:/Janovec/LAB04 (1)/LAB04/LAB04.srcs/constrs_1/imports/CITE2022/nexys4ddr.xdc]
Completed Processing XDC Constraints

INFO: [Opt 31-138] Pushed 0 inverter(s) to 0 load pin(s).
refresh_design: Time (s): cpu = 00:00:14 ; elapsed = 00:00:10 . Memory (MB): peak = 1591.246 ; gain = 95.465
launch_runs impl_1 -to_step write_bitstream -jobs 4
[Mon Apr  3 09:23:15 2023] Launched synth_1...
Run output will be captured here: D:/Janovec/LAB04 (1)/LAB04/LAB04.runs/synth_1/runme.log
[Mon Apr  3 09:23:15 2023] Launched impl_1...
Run output will be captured here: D:/Janovec/LAB04 (1)/LAB04/LAB04.runs/impl_1/runme.log
reset_run impl_1 -prev_step 
launch_runs impl_1 -to_step write_bitstream -jobs 4
[Mon Apr  3 09:25:09 2023] Launched impl_1...
Run output will be captured here: D:/Janovec/LAB04 (1)/LAB04/LAB04.runs/impl_1/runme.log
reset_project
exit
INFO: [Common 17-206] Exiting Vivado at Mon Apr  3 09:26:37 2023...
