#-----------------------------------------------------------
# Vivado v2020.1 (64-bit)
# SW Build 2902540 on Wed May 27 19:54:49 MDT 2020
# IP Build 2902112 on Wed May 27 22:43:36 MDT 2020
# Start of session at: Tue May 16 10:53:21 2023
# Process ID: 8932
# Current directory: D:/Janovec/LAB07
# Command line: vivado.exe -gui_launcher_event rodinguilauncherevent11188 D:\Janovec\LAB07\LAB07.xpr
# Log file: D:/Janovec/LAB07/vivado.log
# Journal file: D:/Janovec/LAB07\vivado.jou
#-----------------------------------------------------------
start_gui
open_project D:/Janovec/LAB07/LAB07.xpr
Scanning sources...
Finished scanning sources
WARNING: [filemgmt 56-3] Board Part Repository Path: Could not find the directory 'C:/Users/marti/AppData/Roaming/Xilinx/Vivado/2019.1/xhub/board_store'.
INFO: [IP_Flow 19-234] Refreshing IP repositories
INFO: [IP_Flow 19-1704] No user IP repositories specified
INFO: [IP_Flow 19-2313] Loaded Vivado IP repository 'C:/Xilinx/Vivado/2020.1/data/ip'.
update_compile_order -fileset sources_1
exit
INFO: [Common 17-206] Exiting Vivado at Tue May 16 10:54:05 2023...
